#
# There is insufficient memory for the Java Runtime Environment to continue.
# Native memory allocation (malloc) failed to allocate 32744 bytes for ChunkPool::allocate
# Possible reasons:
#   The system is out of physical RAM or swap space
#   The process is running with CompressedOops enabled, and the Java Heap may be blocking the growth of the native heap
# Possible solutions:
#   Reduce memory load on the system
#   Increase physical memory or swap space
#   Check if swap backing store is full
#   Decrease Java heap size (-Xmx/-Xms)
#   Decrease number of Java threads
#   Decrease Java thread stack sizes (-Xss)
#   Set larger code cache with -XX:ReservedCodeCacheSize=
#   JVM is running with Unscaled Compressed Oops mode in which the Java heap is
#     placed in the first 4GB address space. The Java Heap base address is the
#     maximum limit for the native heap growth. Please use -XX:HeapBaseMinAddress
#     to set the Java Heap base and to place the Java Heap above 4GB virtual address.
# This output file may be truncated or incomplete.
#
#  Out of Memory Error (allocation.cpp:272), pid=22580, tid=0x00000000000073b4
#
# JRE version: OpenJDK Runtime Environment (8.0_265-b01) (build 1.8.0_265-b01)
# Java VM: OpenJDK 64-Bit Server VM (25.265-b01 mixed mode windows-amd64 compressed oops)
# Failed to write core dump. Minidumps are not enabled by default on client versions of Windows
#

---------------  T H R E A D  ---------------

Current thread (0x000001861e351800):  JavaThread "C2 CompilerThread0" daemon [_thread_in_native, id=29620, stack(0x0000007948b00000,0x0000007948c00000)]

Stack: [0x0000007948b00000,0x0000007948c00000]
[error occurred during error reporting (printing stack bounds), id 0xc0000005]

Native frames: (J=compiled Java code, j=interpreted, Vv=VM code, C=native code)


Current CompileTask:
C2:16373551 2277       4       java.awt.Component::getGraphics (124 bytes)


---------------  P R O C E S S  ---------------

Java Threads: ( => current thread )
  0x0000018620335800 JavaThread "TimerQueue" daemon [_thread_blocked, id=512, stack(0x0000007949d00000,0x0000007949e00000)]
  0x000001861fe88800 JavaThread "Thread-5" [_thread_in_native, id=12988, stack(0x0000007949c00000,0x0000007949d00000)]
  0x000001861fe84800 JavaThread "server-timer" daemon [_thread_blocked, id=18744, stack(0x0000007949b00000,0x0000007949c00000)]
  0x000001862044c000 JavaThread "InterruptTimer" daemon [_thread_blocked, id=32364, stack(0x0000007949700000,0x0000007949800000)]
  0x000001861fec0800 JavaThread "oracle.jdbc.driver.BlockSource.ThreadedCachingBlockSource.BlockReleaser" daemon [_thread_blocked, id=6672, stack(0x0000007949600000,0x0000007949700000)]
  0x0000018605957000 JavaThread "DestroyJavaVM" [_thread_blocked, id=24432, stack(0x0000007947a00000,0x0000007947b00000)]
  0x000001861e909000 JavaThread "AWT-EventQueue-0" [_thread_blocked, id=30164, stack(0x0000007949400000,0x0000007949500000)]
  0x000001861e8f6800 JavaThread "AWT-Windows" daemon [_thread_in_native, id=13252, stack(0x0000007949300000,0x0000007949400000)]
  0x000001861e868800 JavaThread "AWT-Shutdown" [_thread_blocked, id=15012, stack(0x0000007949200000,0x0000007949300000)]
  0x000001861e868000 JavaThread "Java2D Disposer" daemon [_thread_blocked, id=29660, stack(0x0000007949100000,0x0000007949200000)]
  0x000001861e3e8000 JavaThread "Service Thread" daemon [_thread_blocked, id=22020, stack(0x0000007948f00000,0x0000007949000000)]
  0x000001861e35c000 JavaThread "C1 CompilerThread3" daemon [_thread_blocked, id=28444, stack(0x0000007948e00000,0x0000007948f00000)]
  0x000001861e359000 JavaThread "C2 CompilerThread2" daemon [_thread_blocked, id=10092, stack(0x0000007948d00000,0x0000007948e00000)]
  0x000001861e358000 JavaThread "C2 CompilerThread1" daemon [_thread_blocked, id=29480, stack(0x0000007948c00000,0x0000007948d00000)]
=>0x000001861e351800 JavaThread "C2 CompilerThread0" daemon [_thread_in_native, id=29620, stack(0x0000007948b00000,0x0000007948c00000)]
  0x000001861bdbc800 JavaThread "Attach Listener" daemon [_thread_blocked, id=33184, stack(0x0000007948900000,0x0000007948a00000)]
  0x000001861e1b3800 JavaThread "Signal Dispatcher" daemon [_thread_blocked, id=13328, stack(0x0000007948800000,0x0000007948900000)]
  0x000001861bd90800 JavaThread "Finalizer" daemon [_thread_blocked, id=29008, stack(0x0000007948700000,0x0000007948800000)]
  0x000001861bd89000 JavaThread "Reference Handler" daemon [_thread_blocked, id=32552, stack(0x0000007948600000,0x0000007948700000)]

Other Threads:
  0x000001861bd5e000 VMThread [stack: 0x0000007948500000,0x0000007948600000] [id=30048]
  0x000001861e3f4000 WatcherThread [stack: 0x0000007949000000,0x0000007949100000] [id=17776]

VM state:not at safepoint (normal execution)

VM Mutex/Monitor currently owned by a thread: None

heap address: 0x0000000082600000, size: 2010 MB, Compressed Oops mode: 32-bit
Narrow klass base: 0x0000000000000000, Narrow klass shift: 3
Compressed class space size: 1073741824 Address: 0x0000000100000000

Heap:
 PSYoungGen      total 70656K, used 64060K [0x00000000d6200000, 0x00000000dac00000, 0x0000000100000000)
  eden space 65536K, 97% used [0x00000000d6200000,0x00000000da03f2c0,0x00000000da200000)
  from space 5120K, 6% used [0x00000000da200000,0x00000000da250000,0x00000000da700000)
  to   space 5120K, 0% used [0x00000000da700000,0x00000000da700000,0x00000000dac00000)
 ParOldGen       total 72192K, used 9776K [0x0000000082600000, 0x0000000086c80000, 0x00000000d6200000)
  object space 72192K, 13% used [0x0000000082600000,0x0000000082f8c358,0x0000000086c80000)
 Metaspace       used 21283K, capacity 21596K, committed 21808K, reserved 1069056K
  class space    used 2574K, capacity 2685K, committed 2688K, reserved 1048576K

Card table byte_map: [0x0000018616990000,0x0000018616d80000] byte_map_base: 0x000001861657d000

Marking Bits: (ParMarkBitMap*) 0x000000006a057790
 Begin Bits: [0x0000018617020000, 0x0000018618f88000)
 End Bits:   [0x0000018618f88000, 0x000001861aef0000)

Polling page: 0x0000018605a10000

CodeCache: size=245760Kb used=7177Kb max_used=7188Kb free=238582Kb
 bounds [0x00000186075d0000, 0x0000018607d00000, 0x00000186165d0000]
 total_blobs=2627 nmethods=2043 adapters=496
 compilation: enabled

Compilation events (10 events):
Event: 16167.167 Thread 0x000001861e358000 nmethod 2272 0x0000018607acbc50 code [0x0000018607acbdc0, 0x0000018607acbef8]
Event: 16242.935 Thread 0x000001861e351800 2273       4       java.awt.geom.Rectangle2D::<init> (5 bytes)
Event: 16242.936 Thread 0x000001861e351800 nmethod 2273 0x00000186079ccc90 code [0x00000186079ccdc0, 0x00000186079cce18]
Event: 16311.131 Thread 0x000001861e359000 2274       4       java.util.IdentityHashMap$KeySet::iterator (13 bytes)
Event: 16311.132 Thread 0x000001861e359000 nmethod 2274 0x0000018607ab6910 code [0x0000018607ab6a60, 0x0000018607ab6b98]
Event: 16323.759 Thread 0x000001861e359000 2275       4       sun.java2d.SurfaceData::getTextPipe (120 bytes)
Event: 16323.760 Thread 0x000001861e359000 nmethod 2275 0x0000018607c5eb10 code [0x0000018607c5ec60, 0x0000018607c5eda8]
Event: 16362.358 Thread 0x000001861e351800 2276       4       sun.java2d.pipe.Region::isInsideQuickCheck (57 bytes)
Event: 16362.359 Thread 0x000001861e351800 nmethod 2276 0x0000018607ae11d0 code [0x0000018607ae1300, 0x0000018607ae13d8]
Event: 16373.543 Thread 0x000001861e351800 2277       4       java.awt.Component::getGraphics (124 bytes)

GC Heap History (8 events):
Event: 1.057 GC heap before
{Heap before GC invocations=1 (full 0):
 PSYoungGen      total 37888K, used 32768K [0x00000000d6200000, 0x00000000d8c00000, 0x0000000100000000)
  eden space 32768K, 100% used [0x00000000d6200000,0x00000000d8200000,0x00000000d8200000)
  from space 5120K, 0% used [0x00000000d8700000,0x00000000d8700000,0x00000000d8c00000)
  to   space 5120K, 0% used [0x00000000d8200000,0x00000000d8200000,0x00000000d8700000)
 ParOldGen       total 86016K, used 0K [0x0000000082600000, 0x0000000087a00000, 0x00000000d6200000)
  object space 86016K, 0% used [0x0000000082600000,0x0000000082600000,0x0000000087a00000)
 Metaspace       used 13404K, capacity 13646K, committed 13952K, reserved 1060864K
  class space    used 1561K, capacity 1644K, committed 1664K, reserved 1048576K
Event: 1.068 GC heap after
Heap after GC invocations=1 (full 0):
 PSYoungGen      total 37888K, used 5113K [0x00000000d6200000, 0x00000000dac00000, 0x0000000100000000)
  eden space 32768K, 0% used [0x00000000d6200000,0x00000000d6200000,0x00000000d8200000)
  from space 5120K, 99% used [0x00000000d8200000,0x00000000d86fe7e0,0x00000000d8700000)
  to   space 5120K, 0% used [0x00000000da700000,0x00000000da700000,0x00000000dac00000)
 ParOldGen       total 86016K, used 439K [0x0000000082600000, 0x0000000087a00000, 0x00000000d6200000)
  object space 86016K, 0% used [0x0000000082600000,0x000000008266dd30,0x0000000087a00000)
 Metaspace       used 13404K, capacity 13646K, committed 13952K, reserved 1060864K
  class space    used 1561K, capacity 1644K, committed 1664K, reserved 1048576K
}
Event: 2.946 GC heap before
{Heap before GC invocations=2 (full 0):
 PSYoungGen      total 37888K, used 30005K [0x00000000d6200000, 0x00000000dac00000, 0x0000000100000000)
  eden space 32768K, 75% used [0x00000000d6200000,0x00000000d7a4ef30,0x00000000d8200000)
  from space 5120K, 99% used [0x00000000d8200000,0x00000000d86fe7e0,0x00000000d8700000)
  to   space 5120K, 0% used [0x00000000da700000,0x00000000da700000,0x00000000dac00000)
 ParOldGen       total 86016K, used 439K [0x0000000082600000, 0x0000000087a00000, 0x00000000d6200000)
  object space 86016K, 0% used [0x0000000082600000,0x000000008266dd30,0x0000000087a00000)
 Metaspace       used 20762K, capacity 21062K, committed 21296K, reserved 1069056K
  class space    used 2556K, capacity 2682K, committed 2688K, reserved 1048576K
Event: 2.965 GC heap after
Heap after GC invocations=2 (full 0):
 PSYoungGen      total 70656K, used 5106K [0x00000000d6200000, 0x00000000dac00000, 0x0000000100000000)
  eden space 65536K, 0% used [0x00000000d6200000,0x00000000d6200000,0x00000000da200000)
  from space 5120K, 99% used [0x00000000da700000,0x00000000dabfcbd0,0x00000000dac00000)
  to   space 5120K, 0% used [0x00000000da200000,0x00000000da200000,0x00000000da700000)
 ParOldGen       total 86016K, used 5230K [0x0000000082600000, 0x0000000087a00000, 0x00000000d6200000)
  object space 86016K, 6% used [0x0000000082600000,0x0000000082b1b848,0x0000000087a00000)
 Metaspace       used 20762K, capacity 21062K, committed 21296K, reserved 1069056K
  class space    used 2556K, capacity 2682K, committed 2688K, reserved 1048576K
}
Event: 2.965 GC heap before
{Heap before GC invocations=3 (full 1):
 PSYoungGen      total 70656K, used 5106K [0x00000000d6200000, 0x00000000dac00000, 0x0000000100000000)
  eden space 65536K, 0% used [0x00000000d6200000,0x00000000d6200000,0x00000000da200000)
  from space 5120K, 99% used [0x00000000da700000,0x00000000dabfcbd0,0x00000000dac00000)
  to   space 5120K, 0% used [0x00000000da200000,0x00000000da200000,0x00000000da700000)
 ParOldGen       total 86016K, used 5230K [0x0000000082600000, 0x0000000087a00000, 0x00000000d6200000)
  object space 86016K, 6% used [0x0000000082600000,0x0000000082b1b848,0x0000000087a00000)
 Metaspace       used 20762K, capacity 21062K, committed 21296K, reserved 1069056K
  class space    used 2556K, capacity 2682K, committed 2688K, reserved 1048576K
Event: 3.045 GC heap after
Heap after GC invocations=3 (full 1):
 PSYoungGen      total 70656K, used 0K [0x00000000d6200000, 0x00000000dac00000, 0x0000000100000000)
  eden space 65536K, 0% used [0x00000000d6200000,0x00000000d6200000,0x00000000da200000)
  from space 5120K, 0% used [0x00000000da700000,0x00000000da700000,0x00000000dac00000)
  to   space 5120K, 0% used [0x00000000da200000,0x00000000da200000,0x00000000da700000)
 ParOldGen       total 72192K, used 9768K [0x0000000082600000, 0x0000000086c80000, 0x00000000d6200000)
  object space 72192K, 13% used [0x0000000082600000,0x0000000082f8a358,0x0000000086c80000)
 Metaspace       used 20762K, capacity 21062K, committed 21296K, reserved 1069056K
  class space    used 2556K, capacity 2682K, committed 2688K, reserved 1048576K
}
Event: 8581.294 GC heap before
{Heap before GC invocations=4 (full 1):
 PSYoungGen      total 70656K, used 65536K [0x00000000d6200000, 0x00000000dac00000, 0x0000000100000000)
  eden space 65536K, 100% used [0x00000000d6200000,0x00000000da200000,0x00000000da200000)
  from space 5120K, 0% used [0x00000000da700000,0x00000000da700000,0x00000000dac00000)
  to   space 5120K, 0% used [0x00000000da200000,0x00000000da200000,0x00000000da700000)
 ParOldGen       total 72192K, used 9768K [0x0000000082600000, 0x0000000086c80000, 0x00000000d6200000)
  object space 72192K, 13% used [0x0000000082600000,0x0000000082f8a358,0x0000000086c80000)
 Metaspace       used 21259K, capacity 21586K, committed 21808K, reserved 1069056K
  class space    used 2570K, capacity 2682K, committed 2688K, reserved 1048576K
Event: 8581.319 GC heap after
Heap after GC invocations=4 (full 1):
 PSYoungGen      total 70656K, used 320K [0x00000000d6200000, 0x00000000dac00000, 0x0000000100000000)
  eden space 65536K, 0% used [0x00000000d6200000,0x00000000d6200000,0x00000000da200000)
  from space 5120K, 6% used [0x00000000da200000,0x00000000da250000,0x00000000da700000)
  to   space 5120K, 0% used [0x00000000da700000,0x00000000da700000,0x00000000dac00000)
 ParOldGen       total 72192K, used 9776K [0x0000000082600000, 0x0000000086c80000, 0x00000000d6200000)
  object space 72192K, 13% used [0x0000000082600000,0x0000000082f8c358,0x0000000086c80000)
 Metaspace       used 21259K, capacity 21586K, committed 21808K, reserved 1069056K
  class space    used 2570K, capacity 2682K, committed 2688K, reserved 1048576K
}

Deoptimization events (10 events):
Event: 16090.614 Thread 0x000001861e909000 Uncommon trap: reason=unstable_if action=reinterpret pc=0x00000186077f44a0 method=java.util.HashMap$HashIterator.<init>(Ljava/util/HashMap;)V @ 45
Event: 16090.780 Thread 0x000001861e909000 Uncommon trap: reason=unstable_if action=reinterpret pc=0x0000018607c02420 method=java.awt.Component.isShowing()Z @ 4
Event: 16090.787 Thread 0x000001861e909000 Uncommon trap: reason=class_check action=maybe_recompile pc=0x000001860789a218 method=javax.swing.RepaintManager.collectDirtyComponents(Ljava/util/Map;Ljava/awt/Component;Ljava/util/List;)V @ 7
Event: 16090.787 Thread 0x000001861e909000 Uncommon trap: reason=unstable_if action=reinterpret pc=0x0000018607b92350 method=javax.swing.SwingUtilities.computeIntersection(IIIILjava/awt/Rectangle;)Ljava/awt/Rectangle; @ 34
Event: 16090.787 Thread 0x000001861e909000 Uncommon trap: reason=class_check action=maybe_recompile pc=0x000001860789a218 method=javax.swing.RepaintManager.collectDirtyComponents(Ljava/util/Map;Ljava/awt/Component;Ljava/util/List;)V @ 7
Event: 16090.787 Thread 0x000001861e909000 Uncommon trap: reason=class_check action=maybe_recompile pc=0x00000186077c5a20 method=javax.swing.RepaintManager$4.run()Ljava/lang/Void; @ 27
Event: 16090.790 Thread 0x000001861e909000 Uncommon trap: reason=class_check action=maybe_recompile pc=0x0000018607904bfc method=javax.swing.text.FieldView.adjustAllocation(Ljava/awt/Shape;)Ljava/awt/Shape; @ 13
Event: 16090.790 Thread 0x000001861e909000 Uncommon trap: reason=speculate_class_check action=maybe_recompile pc=0x0000018607a9b5a4 method=javax.swing.text.PlainView.drawElement(ILjavax/swing/text/Element;Ljava/awt/Graphics;II)I @ 135
Event: 16090.892 Thread 0x000001861e909000 Uncommon trap: reason=unstable_if action=reinterpret pc=0x0000018607c06cbc method=sun.java2d.pipe.Region.isInsideQuickCheck(Lsun/java2d/pipe/Region;)Z @ 26
Event: 16090.892 Thread 0x000001861e909000 Uncommon trap: reason=unstable_if action=reinterpret pc=0x0000018607bdfeac method=sun.java2d.pipe.Region.isInsideQuickCheck(Lsun/java2d/pipe/Region;)Z @ 26

Classes redefined (0 events):
No events

Internal exceptions (10 events):
Event: 0.964 Thread 0x000001861e909000 Exception <a 'java/lang/ArrayIndexOutOfBoundsException'> (0x00000000d7e64708) thrown at [J:\jenkins\tmp\workspace\build\src\hotspot\src\share\vm\runtime\sharedRuntime.cpp, line 605]
Event: 1.000 Thread 0x000001861e909000 Exception <a 'java/lang/NoClassDefFoundError': oracle/security/pki/OraclePKIProvider> (0x00000000d801fa38) thrown at [J:\jenkins\tmp\workspace\build\src\hotspot\src\share\vm\classfile\systemDictionary.cpp, line 204]
Event: 1.230 Thread 0x000001861e909000 Exception <a 'java/lang/NoSuchMethodError': java.lang.Object.lambda$and$0(Ljava/util/function/Predicate;Ljava/lang/Object;)Z> (0x00000000d68c25a8) thrown at [J:\jenkins\tmp\workspace\build\src\hotspot\src\share\vm\interpreter\linkResolver.cpp, line 620]
Event: 1.354 Thread 0x000001861e909000 Exception <a 'java/lang/NoSuchMethodError': java.lang.Object.lambda$negate$1(Ljava/lang/Object;)Z> (0x00000000d6ae4cc8) thrown at [J:\jenkins\tmp\workspace\build\src\hotspot\src\share\vm\interpreter\linkResolver.cpp, line 620]
Event: 1.389 Thread 0x000001861e909000 Exception <a 'java/lang/NoSuchMethodError': <clinit>> (0x00000000d6c619f0) thrown at [J:\jenkins\tmp\workspace\build\src\hotspot\src\share\vm\prims\jni.cpp, line 1616]
Event: 12363.945 Thread 0x000001861e34b800 Exception <a 'sun/net/ConnectionResetException': > (0x00000000d7da9ae0) thrown at [J:\jenkins\tmp\workspace\build\src\hotspot\src\share\vm\prims\jni.cpp, line 738]
Event: 12363.947 Thread 0x000001861e34b800 Exception <a 'sun/net/ConnectionResetException': > (0x00000000d7da9d10) thrown at [J:\jenkins\tmp\workspace\build\src\hotspot\src\share\vm\prims\jni.cpp, line 738]
Event: 16087.704 Thread 0x000001861e909000 Implicit null exception at 0x0000018607c01d33 to 0x0000018607c01e81
Event: 16087.915 Thread 0x000001861e909000 Implicit null exception at 0x0000018607c2c8d3 to 0x0000018607c3103d
Event: 16087.970 Thread 0x000001861e909000 Implicit null exception at 0x0000018607c653dd to 0x0000018607c69449

Events (10 events):
Event: 16097.462 Thread 0x000001861e35c000 flushing nmethod 0x0000018607ad5f90
Event: 16097.462 Thread 0x000001861e35c000 flushing nmethod 0x0000018607ad80d0
Event: 16097.462 Thread 0x000001861e35c000 flushing nmethod 0x0000018607ad9550
Event: 16097.462 Thread 0x000001861e35c000 flushing nmethod 0x0000018607ada350
Event: 16097.462 Thread 0x000001861e35c000 flushing nmethod 0x0000018607ae1890
Event: 16097.462 Thread 0x000001861e35c000 flushing nmethod 0x0000018607ae5cd0
Event: 16101.495 Thread 0x000001861e35c000 flushing nmethod 0x0000018607b3f1d0
Event: 16101.495 Thread 0x000001861e35c000 flushing nmethod 0x0000018607b59450
Event: 16101.495 Thread 0x000001861e35c000 flushing nmethod 0x0000018607b839d0
Event: 16101.495 Thread 0x000001861e35c000 flushing nmethod 0x0000018607b91dd0


Dynamic libraries:
0x00007ff77ad80000 - 0x00007ff77adba000 	C:\Program Files\AdoptOpenJDK\jdk-8.0.265.01-hotspot\bin\java.exe
0x00007ffcaab70000 - 0x00007ffcaad68000 	C:\WINDOWS\SYSTEM32\ntdll.dll
0x00007ffca8fc0000 - 0x00007ffca907f000 	C:\WINDOWS\System32\KERNEL32.DLL
0x00007ffca8280000 - 0x00007ffca8576000 	C:\WINDOWS\System32\KERNELBASE.dll
0x00007ffca9b10000 - 0x00007ffca9bbf000 	C:\WINDOWS\System32\ADVAPI32.dll
0x00007ffca9160000 - 0x00007ffca91fe000 	C:\WINDOWS\System32\msvcrt.dll
0x00007ffca9950000 - 0x00007ffca99ec000 	C:\WINDOWS\System32\sechost.dll
0x00007ffca9be0000 - 0x00007ffca9d06000 	C:\WINDOWS\System32\RPCRT4.dll
0x00007ffca9d10000 - 0x00007ffca9ead000 	C:\WINDOWS\System32\USER32.dll
0x00007ffca8750000 - 0x00007ffca8772000 	C:\WINDOWS\System32\win32u.dll
0x00007ffca9f20000 - 0x00007ffca9f4c000 	C:\WINDOWS\System32\GDI32.dll
0x00007ffca8900000 - 0x00007ffca8a15000 	C:\WINDOWS\System32\gdi32full.dll
0x00007ffca8780000 - 0x00007ffca881d000 	C:\WINDOWS\System32\msvcp_win.dll
0x00007ffca8ad0000 - 0x00007ffca8bd0000 	C:\WINDOWS\System32\ucrtbase.dll
0x00007ffc88cc0000 - 0x00007ffc88f5a000 	C:\WINDOWS\WinSxS\amd64_microsoft.windows.common-controls_6595b64144ccf1df_6.0.19041.1110_none_60b5254171f9507e\COMCTL32.dll
0x00007ffca9260000 - 0x00007ffca9290000 	C:\WINDOWS\System32\IMM32.DLL
0x00007ffc628b0000 - 0x00007ffc6299f000 	C:\Program Files\AdoptOpenJDK\jdk-8.0.265.01-hotspot\jre\bin\msvcr120.dll
0x00007ffc62690000 - 0x00007ffc62736000 	C:\Program Files\AdoptOpenJDK\jdk-8.0.265.01-hotspot\jre\bin\msvcp120.dll
0x0000000069870000 - 0x000000006a0d6000 	C:\Program Files\AdoptOpenJDK\jdk-8.0.265.01-hotspot\jre\bin\server\jvm.dll
0x00007ffca8ee0000 - 0x00007ffca8ee8000 	C:\WINDOWS\System32\PSAPI.DLL
0x00007ffc8dc90000 - 0x00007ffc8dc99000 	C:\WINDOWS\SYSTEM32\WSOCK32.dll
0x00007ffca9eb0000 - 0x00007ffca9f1b000 	C:\WINDOWS\System32\WS2_32.dll
0x00007ffc8eed0000 - 0x00007ffc8eef7000 	C:\WINDOWS\SYSTEM32\WINMM.dll
0x00007ffca2680000 - 0x00007ffca268a000 	C:\WINDOWS\SYSTEM32\VERSION.dll
0x00007ffc91d10000 - 0x00007ffc91d1f000 	C:\Program Files\AdoptOpenJDK\jdk-8.0.265.01-hotspot\jre\bin\verify.dll
0x00007ffc8b440000 - 0x00007ffc8b468000 	C:\Program Files\AdoptOpenJDK\jdk-8.0.265.01-hotspot\jre\bin\java.dll
0x00007ffc7ceb0000 - 0x00007ffc7ceda000 	C:\Program Files\AdoptOpenJDK\jdk-8.0.265.01-hotspot\jre\bin\instrument.dll
0x00007ffc8f060000 - 0x00007ffc8f076000 	C:\Program Files\AdoptOpenJDK\jdk-8.0.265.01-hotspot\jre\bin\zip.dll
0x00007ffcaa3e0000 - 0x00007ffcaab24000 	C:\WINDOWS\System32\SHELL32.dll
0x00007ffca62f0000 - 0x00007ffca6a83000 	C:\WINDOWS\SYSTEM32\windows.storage.dll
0x00007ffca9f50000 - 0x00007ffcaa2a4000 	C:\WINDOWS\System32\combase.dll
0x00007ffca7cb0000 - 0x00007ffca7cde000 	C:\WINDOWS\SYSTEM32\Wldp.dll
0x00007ffca8d00000 - 0x00007ffca8dad000 	C:\WINDOWS\System32\SHCORE.dll
0x00007ffcaa2c0000 - 0x00007ffcaa315000 	C:\WINDOWS\System32\shlwapi.dll
0x00007ffca8190000 - 0x00007ffca81af000 	C:\WINDOWS\SYSTEM32\profapi.dll
0x00007ffc8f1b0000 - 0x00007ffc8f1ca000 	D:\IntelliJ IDEA Community Edition 2022.1.4\bin\breakgen64.dll
0x00007ffc83b80000 - 0x00007ffc83b9a000 	C:\Program Files\AdoptOpenJDK\jdk-8.0.265.01-hotspot\jre\bin\net.dll
0x00007ffca7a10000 - 0x00007ffca7a7a000 	C:\WINDOWS\system32\mswsock.dll
0x00007ffc5fe20000 - 0x00007ffc5ffb5000 	C:\Program Files\AdoptOpenJDK\jdk-8.0.265.01-hotspot\jre\bin\awt.dll
0x00007ffca8ef0000 - 0x00007ffca8fbd000 	C:\WINDOWS\System32\OLEAUT32.dll
0x00007ffca56b0000 - 0x00007ffca5741000 	C:\WINDOWS\SYSTEM32\apphelp.dll
0x00007ffca58a0000 - 0x00007ffca593e000 	C:\WINDOWS\system32\uxtheme.dll
0x00007ffca99f0000 - 0x00007ffca9b04000 	C:\WINDOWS\System32\MSCTF.dll
0x00007ffca8db0000 - 0x00007ffca8eda000 	C:\WINDOWS\System32\ole32.dll
0x00007ffca6aa0000 - 0x00007ffca6ab2000 	C:\WINDOWS\SYSTEM32\kernel.appcore.dll
0x00007ffca8870000 - 0x00007ffca88f2000 	C:\WINDOWS\System32\bcryptPrimitives.dll
0x00007ffca5b90000 - 0x00007ffca5bbf000 	C:\WINDOWS\system32\DWMAPI.DLL
0x00007ffc707f0000 - 0x00007ffc70915000 	C:\WINDOWS\system32\opengl32.dll
0x00007ffc709c0000 - 0x00007ffc709ec000 	C:\WINDOWS\SYSTEM32\GLU32.dll
0x00007ffc62b90000 - 0x00007ffc62c23000 	C:\Program Files\AdoptOpenJDK\jdk-8.0.265.01-hotspot\jre\bin\freetype.dll
0x00007ffc60460000 - 0x00007ffc6051d000 	C:\Program Files\AdoptOpenJDK\jdk-8.0.265.01-hotspot\jre\bin\fontmanager.dll
0x00007ffc82f80000 - 0x00007ffc82f92000 	C:\Program Files\AdoptOpenJDK\jdk-8.0.265.01-hotspot\jre\bin\nio.dll
0x00007ffc8f0e0000 - 0x00007ffc8f0ed000 	C:\Program Files\AdoptOpenJDK\jdk-8.0.265.01-hotspot\jre\bin\management.dll
0x00007ffca76f0000 - 0x00007ffca77bb000 	C:\WINDOWS\SYSTEM32\DNSAPI.dll
0x00007ffca76b0000 - 0x00007ffca76ec000 	C:\WINDOWS\SYSTEM32\IPHLPAPI.DLL
0x00007ffcaa2b0000 - 0x00007ffcaa2b8000 	C:\WINDOWS\System32\NSI.dll
0x00007ffc942c0000 - 0x00007ffc942ca000 	C:\Windows\System32\rasadhlp.dll
0x00007ffc94080000 - 0x00007ffc94102000 	C:\WINDOWS\System32\fwpuclnt.dll
0x00007ffca8250000 - 0x00007ffca8277000 	C:\WINDOWS\System32\bcrypt.dll
0x00007ffc89520000 - 0x00007ffc89537000 	C:\WINDOWS\system32\napinsp.dll
0x00007ffc893a0000 - 0x00007ffc893bb000 	C:\WINDOWS\system32\pnrpnsp.dll
0x00007ffc894b0000 - 0x00007ffc894c5000 	C:\WINDOWS\system32\wshbth.dll
0x00007ffca0790000 - 0x00007ffca07ad000 	C:\WINDOWS\system32\NLAapi.dll
0x00007ffc896a0000 - 0x00007ffc896b2000 	C:\WINDOWS\System32\winrnr.dll
0x00007ffca7c10000 - 0x00007ffca7c28000 	C:\WINDOWS\SYSTEM32\CRYPTSP.dll
0x00007ffca72c0000 - 0x00007ffca72f4000 	C:\WINDOWS\system32\rsaenh.dll
0x00007ffca8150000 - 0x00007ffca817e000 	C:\WINDOWS\SYSTEM32\USERENV.dll
0x00007ffca7c00000 - 0x00007ffca7c0c000 	C:\WINDOWS\SYSTEM32\CRYPTBASE.dll
0x00007ffca0110000 - 0x00007ffca0127000 	C:\WINDOWS\SYSTEM32\dhcpcsvc6.DLL
0x00007ffca00f0000 - 0x00007ffca010d000 	C:\WINDOWS\SYSTEM32\dhcpcsvc.DLL
0x00007ffc7c970000 - 0x00007ffc7c993000 	C:\Program Files\AdoptOpenJDK\jdk-8.0.265.01-hotspot\jre\bin\sunec.dll
0x00007ffca8c50000 - 0x00007ffca8cf9000 	C:\WINDOWS\System32\clbcatq.dll
0x00007ffca11a0000 - 0x00007ffca1354000 	C:\WINDOWS\SYSTEM32\WindowsCodecs.dll
0x00007ffc70c40000 - 0x00007ffc70c7e000 	C:\WINDOWS\system32\dataexchange.dll
0x00007ffca3b90000 - 0x00007ffca3df3000 	C:\WINDOWS\system32\d3d11.dll
0x00007ffca6b10000 - 0x00007ffca6c03000 	C:\WINDOWS\system32\dxgi.dll
0x00007ffca4ad0000 - 0x00007ffca4cb3000 	C:\WINDOWS\system32\dcomp.dll
0x00007ffca1900000 - 0x00007ffca1b00000 	C:\WINDOWS\system32\twinapi.appcore.dll
0x00007ffc89b30000 - 0x00007ffc89c2a000 	C:\WINDOWS\SYSTEM32\textinputframework.dll
0x00007ffca5040000 - 0x00007ffca539e000 	C:\WINDOWS\System32\CoreUIComponents.dll
0x00007ffca53a0000 - 0x00007ffca5492000 	C:\WINDOWS\System32\CoreMessaging.dll
0x00007ffca73e0000 - 0x00007ffca7413000 	C:\WINDOWS\SYSTEM32\ntmarta.dll
0x00007ffca4970000 - 0x00007ffca4ac4000 	C:\WINDOWS\SYSTEM32\wintypes.dll
0x00007ffc857f0000 - 0x00007ffc8589c000 	C:\WINDOWS\SYSTEM32\TextShaping.dll

VM Arguments:
jvm_args: -javaagent:D:\IntelliJ IDEA Community Edition 2022.1.4\lib\idea_rt.jar=8759:D:\IntelliJ IDEA Community Edition 2022.1.4\bin -Dfile.encoding=UTF-8 
java_command: org.systemB.App
java_class_path (initial): C:\Program Files\AdoptOpenJDK\jdk-8.0.265.01-hotspot\jre\lib\charsets.jar;C:\Program Files\AdoptOpenJDK\jdk-8.0.265.01-hotspot\jre\lib\ext\access-bridge-64.jar;C:\Program Files\AdoptOpenJDK\jdk-8.0.265.01-hotspot\jre\lib\ext\cldrdata.jar;C:\Program Files\AdoptOpenJDK\jdk-8.0.265.01-hotspot\jre\lib\ext\dnsns.jar;C:\Program Files\AdoptOpenJDK\jdk-8.0.265.01-hotspot\jre\lib\ext\jaccess.jar;C:\Program Files\AdoptOpenJDK\jdk-8.0.265.01-hotspot\jre\lib\ext\localedata.jar;C:\Program Files\AdoptOpenJDK\jdk-8.0.265.01-hotspot\jre\lib\ext\nashorn.jar;C:\Program Files\AdoptOpenJDK\jdk-8.0.265.01-hotspot\jre\lib\ext\sunec.jar;C:\Program Files\AdoptOpenJDK\jdk-8.0.265.01-hotspot\jre\lib\ext\sunjce_provider.jar;C:\Program Files\AdoptOpenJDK\jdk-8.0.265.01-hotspot\jre\lib\ext\sunmscapi.jar;C:\Program Files\AdoptOpenJDK\jdk-8.0.265.01-hotspot\jre\lib\ext\sunpkcs11.jar;C:\Program Files\AdoptOpenJDK\jdk-8.0.265.01-hotspot\jre\lib\ext\zipfs.jar;C:\Program Files\AdoptOpenJDK\jdk-8.0.265.01-hotspot\jre\lib\jce.jar;C:\Program Files\AdoptOpenJDK\jdk-8.0.265.01-hotspot\jre\lib\jfr.jar;C:\Program Files\AdoptOpenJDK\jdk-8.0.265.01-hotspot\jre\lib\jsse.jar;C:\Program Files\AdoptOpenJDK\jdk-8.0.265.01-hotspot\jre\lib\management-agent.jar;C:\Program Files\AdoptOpenJDK\jdk-8.0.265.01-hotspot\jre\lib\resources.jar;C:\Program Files\AdoptOpenJDK\jdk-8.0.265.01-hotspot\jre\lib\rt.jar;F:\ETL\SystemB\target\classes;F:\ETL\SystemB\ojdbc8.jar;C:\Users\hp\.m2\repository\commons-httpclient\commons-httpclient\3.1\commons-httpclient-3.1.jar;C:\Users\hp\.m2\repository\commons-logging\commons-logging\1.0.4\commons-logging-1.0.4.jar;C:\Users\hp\.m2\repository\commons-codec\commons-codec\1.2\commons-codec-1.2.jar;C:\Users\hp\.m2\repository\com\alibaba\fastjson\1.2.32\fastjson-1.2.32.jar;C:\Users\hp\.m2\repository\com\jfoenix\jfoenix\8.0.10\jfoenix-8.0.10.jar;C:\Users\hp\.m2\repository\ch\qos\logback\logback-classic\1.2.1\logback-classic-1.2.1.jar;C:\Users\hp\.m2\repository\ch\qos\lo
Launcher Type: SUN_STANDARD

Environment Variables:
JAVA_HOME=D:\jdk
CLASSPATH=.;D:\jdk\lib\dt.jar;D:\jdk\lib\tools.jar
USERNAME=hp
OS=Windows_NT
PROCESSOR_IDENTIFIER=Intel64 Family 6 Model 158 Stepping 10, GenuineIntel



---------------  S Y S T E M  ---------------

OS: Windows 10.0 , 64 bit Build 19041 (10.0.19041.2913)

CPU:total 12 (initial active 12) (6 cores per cpu, 2 threads per core) family 6 model 158 stepping 10, cmov, cx8, fxsr, mmx, sse, sse2, sse3, ssse3, sse4.1, sse4.2, popcnt, avx, avx2, aes, clmul, erms, 3dnowpref, lzcnt, ht, tsc, tscinvbit, bmi1, bmi2, adx

Memory: 4k page, physical 8224952k(3043544k free), swap 68178052k(84k free)

vm_info: OpenJDK 64-Bit Server VM (25.265-b01) for windows-amd64 JRE (1.8.0_265-b01), built on Jul 28 2020 15:11:27 by "jenkins" with MS VC++ 12.0 (VS2013)

time: Fri Jun 02 04:13:58 2023
timezone: ?D1¨²¡À¨º¡Á?¨º¡À??
elapsed time: 16373 seconds (0d 4h 32m 53s)

