#
# There is insufficient memory for the Java Runtime Environment to continue.
# Native memory allocation (malloc) failed to allocate 32744 bytes for ChunkPool::allocate
# Possible reasons:
#   The system is out of physical RAM or swap space
#   The process is running with CompressedOops enabled, and the Java Heap may be blocking the growth of the native heap
# Possible solutions:
#   Reduce memory load on the system
#   Increase physical memory or swap space
#   Check if swap backing store is full
#   Decrease Java heap size (-Xmx/-Xms)
#   Decrease number of Java threads
#   Decrease Java thread stack sizes (-Xss)
#   Set larger code cache with -XX:ReservedCodeCacheSize=
#   JVM is running with Unscaled Compressed Oops mode in which the Java heap is
#     placed in the first 4GB address space. The Java Heap base address is the
#     maximum limit for the native heap growth. Please use -XX:HeapBaseMinAddress
#     to set the Java Heap base and to place the Java Heap above 4GB virtual address.
# This output file may be truncated or incomplete.
#
#  Out of Memory Error (allocation.cpp:272), pid=5080, tid=0x0000000000007428
#
# JRE version: OpenJDK Runtime Environment (8.0_265-b01) (build 1.8.0_265-b01)
# Java VM: OpenJDK 64-Bit Server VM (25.265-b01 mixed mode windows-amd64 compressed oops)
# Failed to write core dump. Minidumps are not enabled by default on client versions of Windows
#

---------------  T H R E A D  ---------------

Current thread (0x000001bc81626800):  JavaThread "C2 CompilerThread1" daemon [_thread_in_native, id=29736, stack(0x0000006ea7d00000,0x0000006ea7e00000)]

Stack: [0x0000006ea7d00000,0x0000006ea7e00000]
[error occurred during error reporting (printing stack bounds), id 0xc0000005]

Native frames: (J=compiled Java code, j=interpreted, Vv=VM code, C=native code)


Current CompileTask:
C2:16377712 2013       4       java.awt.Component::getGraphics (124 bytes)


---------------  P R O C E S S  ---------------

Java Threads: ( => current thread )
  0x000001bc81c49000 JavaThread "TimerQueue" daemon [_thread_blocked, id=33280, stack(0x0000006ea8e00000,0x0000006ea8f00000)]
  0x000001bc82d69000 JavaThread "Thread-4" [_thread_in_native, id=31968, stack(0x0000006ea8d00000,0x0000006ea8e00000)]
  0x000001bc830d9800 JavaThread "server-timer" daemon [_thread_blocked, id=33772, stack(0x0000006ea8c00000,0x0000006ea8d00000)]
  0x000001bc81b29000 JavaThread "Abandoned connection cleanup thread" daemon [_thread_blocked, id=32068, stack(0x0000006ea8800000,0x0000006ea8900000)]
  0x000001bce8b05800 JavaThread "DestroyJavaVM" [_thread_blocked, id=20452, stack(0x0000006ea6b00000,0x0000006ea6c00000)]
  0x000001bc81af8000 JavaThread "AWT-EventQueue-0" [_thread_blocked, id=33300, stack(0x0000006ea8500000,0x0000006ea8600000)]
  0x000001bc81a9a000 JavaThread "AWT-Windows" daemon [_thread_in_native, id=31908, stack(0x0000006ea8400000,0x0000006ea8500000)]
  0x000001bc819e7000 JavaThread "AWT-Shutdown" [_thread_blocked, id=30748, stack(0x0000006ea8300000,0x0000006ea8400000)]
  0x000001bc819e6800 JavaThread "Java2D Disposer" daemon [_thread_blocked, id=22560, stack(0x0000006ea8200000,0x0000006ea8300000)]
  0x000001bc816c1000 JavaThread "Service Thread" daemon [_thread_blocked, id=32212, stack(0x0000006ea8000000,0x0000006ea8100000)]
  0x000001bc8162c000 JavaThread "C1 CompilerThread3" daemon [_thread_blocked, id=14116, stack(0x0000006ea7f00000,0x0000006ea8000000)]
  0x000001bc81629800 JavaThread "C2 CompilerThread2" daemon [_thread_blocked, id=28184, stack(0x0000006ea7e00000,0x0000006ea7f00000)]
=>0x000001bc81626800 JavaThread "C2 CompilerThread1" daemon [_thread_in_native, id=29736, stack(0x0000006ea7d00000,0x0000006ea7e00000)]
  0x000001bc81624000 JavaThread "C2 CompilerThread0" daemon [_thread_blocked, id=6080, stack(0x0000006ea7c00000,0x0000006ea7d00000)]
  0x000001bc81492800 JavaThread "Attach Listener" daemon [_thread_blocked, id=7888, stack(0x0000006ea7a00000,0x0000006ea7b00000)]
  0x000001bcff0e7000 JavaThread "Signal Dispatcher" daemon [_thread_blocked, id=31396, stack(0x0000006ea7900000,0x0000006ea7a00000)]
  0x000001bcff0af000 JavaThread "Finalizer" daemon [_thread_blocked, id=28360, stack(0x0000006ea7800000,0x0000006ea7900000)]
  0x000001bcff0a7000 JavaThread "Reference Handler" daemon [_thread_blocked, id=28556, stack(0x0000006ea7700000,0x0000006ea7800000)]

Other Threads:
  0x000001bcff07c000 VMThread [stack: 0x0000006ea7600000,0x0000006ea7700000] [id=29892]
  0x000001bc816c4800 WatcherThread [stack: 0x0000006ea8100000,0x0000006ea8200000] [id=27092]

VM state:not at safepoint (normal execution)

VM Mutex/Monitor currently owned by a thread: None

heap address: 0x0000000082600000, size: 2010 MB, Compressed Oops mode: 32-bit
Narrow klass base: 0x0000000000000000, Narrow klass shift: 3
Compressed class space size: 1073741824 Address: 0x0000000100000000

Heap:
 PSYoungGen      total 70656K, used 53380K [0x00000000d6200000, 0x00000000dac00000, 0x0000000100000000)
  eden space 65536K, 73% used [0x00000000d6200000,0x00000000d9124520,0x00000000da200000)
  from space 5120K, 99% used [0x00000000da200000,0x00000000da6fcc10,0x00000000da700000)
  to   space 5120K, 0% used [0x00000000da700000,0x00000000da700000,0x00000000dac00000)
 ParOldGen       total 86016K, used 7183K [0x0000000082600000, 0x0000000087a00000, 0x00000000d6200000)
  object space 86016K, 8% used [0x0000000082600000,0x0000000082d03f88,0x0000000087a00000)
 Metaspace       used 16626K, capacity 16888K, committed 17152K, reserved 1064960K
  class space    used 1948K, capacity 2037K, committed 2048K, reserved 1048576K

Card table byte_map: [0x000001bcf9cb0000,0x000001bcfa0a0000] byte_map_base: 0x000001bcf989d000

Marking Bits: (ParMarkBitMap*) 0x000000006a057790
 Begin Bits: [0x000001bcfa340000, 0x000001bcfc2a8000)
 End Bits:   [0x000001bcfc2a8000, 0x000001bcfe210000)

Polling page: 0x000001bce8d20000

CodeCache: size=245760Kb used=6429Kb max_used=6441Kb free=239330Kb
 bounds [0x000001bcea8f0000, 0x000001bceaf60000, 0x000001bcf98f0000]
 total_blobs=2368 nmethods=1795 adapters=485
 compilation: enabled

Compilation events (10 events):
Event: 16218.318 Thread 0x000001bc81626800 nmethod 2008 0x000001bcead15250 code [0x000001bcead15380, 0x000001bcead155f8]
Event: 16218.820 Thread 0x000001bc81624000 2009       4       javax.swing.text.FieldView::adjustPaintRegion (6 bytes)
Event: 16218.821 Thread 0x000001bc81624000 nmethod 2009 0x000001bcead14fd0 code [0x000001bcead15120, 0x000001bcead151a8]
Event: 16231.434 Thread 0x000001bc81624000 2010       4       com.sun.java.swing.SwingUtilities3::getDelegateRepaintManager (73 bytes)
Event: 16231.436 Thread 0x000001bc81624000 nmethod 2010 0x000001bcead12ed0 code [0x000001bcead13040, 0x000001bcead13178]
Event: 16327.920 Thread 0x000001bc81624000 2011       4       sun.java2d.SurfaceData::getTextPipe (120 bytes)
Event: 16327.921 Thread 0x000001bc81624000 nmethod 2011 0x000001bcead12a90 code [0x000001bcead12be0, 0x000001bcead12d28]
Event: 16366.519 Thread 0x000001bc81624000 2012       4       sun.java2d.pipe.Region::isInsideQuickCheck (57 bytes)
Event: 16366.520 Thread 0x000001bc81624000 nmethod 2012 0x000001bceae25110 code [0x000001bceae25240, 0x000001bceae25318]
Event: 16377.704 Thread 0x000001bc81626800 2013       4       java.awt.Component::getGraphics (124 bytes)

GC Heap History (6 events):
Event: 1.290 GC heap before
{Heap before GC invocations=1 (full 0):
 PSYoungGen      total 37888K, used 32768K [0x00000000d6200000, 0x00000000d8c00000, 0x0000000100000000)
  eden space 32768K, 100% used [0x00000000d6200000,0x00000000d8200000,0x00000000d8200000)
  from space 5120K, 0% used [0x00000000d8700000,0x00000000d8700000,0x00000000d8c00000)
  to   space 5120K, 0% used [0x00000000d8200000,0x00000000d8200000,0x00000000d8700000)
 ParOldGen       total 86016K, used 0K [0x0000000082600000, 0x0000000087a00000, 0x00000000d6200000)
  object space 86016K, 0% used [0x0000000082600000,0x0000000082600000,0x0000000087a00000)
 Metaspace       used 11788K, capacity 12034K, committed 12288K, reserved 1060864K
  class space    used 1349K, capacity 1450K, committed 1536K, reserved 1048576K
Event: 1.321 GC heap after
Heap after GC invocations=1 (full 0):
 PSYoungGen      total 37888K, used 5112K [0x00000000d6200000, 0x00000000dac00000, 0x0000000100000000)
  eden space 32768K, 0% used [0x00000000d6200000,0x00000000d6200000,0x00000000d8200000)
  from space 5120K, 99% used [0x00000000d8200000,0x00000000d86fe358,0x00000000d8700000)
  to   space 5120K, 0% used [0x00000000da700000,0x00000000da700000,0x00000000dac00000)
 ParOldGen       total 86016K, used 31K [0x0000000082600000, 0x0000000087a00000, 0x00000000d6200000)
  object space 86016K, 0% used [0x0000000082600000,0x0000000082607c40,0x0000000087a00000)
 Metaspace       used 11788K, capacity 12034K, committed 12288K, reserved 1060864K
  class space    used 1349K, capacity 1450K, committed 1536K, reserved 1048576K
}
Event: 2302.572 GC heap before
{Heap before GC invocations=2 (full 0):
 PSYoungGen      total 37888K, used 37880K [0x00000000d6200000, 0x00000000dac00000, 0x0000000100000000)
  eden space 32768K, 100% used [0x00000000d6200000,0x00000000d8200000,0x00000000d8200000)
  from space 5120K, 99% used [0x00000000d8200000,0x00000000d86fe358,0x00000000d8700000)
  to   space 5120K, 0% used [0x00000000da700000,0x00000000da700000,0x00000000dac00000)
 ParOldGen       total 86016K, used 31K [0x0000000082600000, 0x0000000087a00000, 0x00000000d6200000)
  object space 86016K, 0% used [0x0000000082600000,0x0000000082607c40,0x0000000087a00000)
 Metaspace       used 16588K, capacity 16808K, committed 17152K, reserved 1064960K
  class space    used 1943K, capacity 2031K, committed 2048K, reserved 1048576K
Event: 2302.602 GC heap after
Heap after GC invocations=2 (full 0):
 PSYoungGen      total 70656K, used 5107K [0x00000000d6200000, 0x00000000dac00000, 0x0000000100000000)
  eden space 65536K, 0% used [0x00000000d6200000,0x00000000d6200000,0x00000000da200000)
  from space 5120K, 99% used [0x00000000da700000,0x00000000dabfcc30,0x00000000dac00000)
  to   space 5120K, 0% used [0x00000000da200000,0x00000000da200000,0x00000000da700000)
 ParOldGen       total 86016K, used 3170K [0x0000000082600000, 0x0000000087a00000, 0x00000000d6200000)
  object space 86016K, 3% used [0x0000000082600000,0x0000000082918928,0x0000000087a00000)
 Metaspace       used 16588K, capacity 16808K, committed 17152K, reserved 1064960K
  class space    used 1943K, capacity 2031K, committed 2048K, reserved 1048576K
}
Event: 11013.840 GC heap before
{Heap before GC invocations=3 (full 0):
 PSYoungGen      total 70656K, used 70643K [0x00000000d6200000, 0x00000000dac00000, 0x0000000100000000)
  eden space 65536K, 100% used [0x00000000d6200000,0x00000000da200000,0x00000000da200000)
  from space 5120K, 99% used [0x00000000da700000,0x00000000dabfcc30,0x00000000dac00000)
  to   space 5120K, 0% used [0x00000000da200000,0x00000000da200000,0x00000000da700000)
 ParOldGen       total 86016K, used 3170K [0x0000000082600000, 0x0000000087a00000, 0x00000000d6200000)
  object space 86016K, 3% used [0x0000000082600000,0x0000000082918928,0x0000000087a00000)
 Metaspace       used 16591K, capacity 16808K, committed 17152K, reserved 1064960K
  class space    used 1943K, capacity 2031K, committed 2048K, reserved 1048576K
Event: 11013.855 GC heap after
Heap after GC invocations=3 (full 0):
 PSYoungGen      total 70656K, used 5107K [0x00000000d6200000, 0x00000000dac00000, 0x0000000100000000)
  eden space 65536K, 0% used [0x00000000d6200000,0x00000000d6200000,0x00000000da200000)
  from space 5120K, 99% used [0x00000000da200000,0x00000000da6fcc10,0x00000000da700000)
  to   space 5120K, 0% used [0x00000000da700000,0x00000000da700000,0x00000000dac00000)
 ParOldGen       total 86016K, used 7183K [0x0000000082600000, 0x0000000087a00000, 0x00000000d6200000)
  object space 86016K, 8% used [0x0000000082600000,0x0000000082d03f88,0x0000000087a00000)
 Metaspace       used 16591K, capacity 16808K, committed 17152K, reserved 1064960K
  class space    used 1943K, capacity 2031K, committed 2048K, reserved 1048576K
}

Deoptimization events (10 events):
Event: 16094.898 Thread 0x000001bc81af8000 Uncommon trap: reason=unstable_if action=reinterpret pc=0x000001bceae2a5ac method=java.util.IdentityHashMap.get(Ljava/lang/Object;)Ljava/lang/Object; @ 43
Event: 16094.947 Thread 0x000001bc81af8000 Uncommon trap: reason=unstable_if action=reinterpret pc=0x000001bceab231c8 method=java.util.LinkedList$ListItr.<init>(Ljava/util/LinkedList;I)V @ 26
Event: 16094.947 Thread 0x000001bc81af8000 Uncommon trap: reason=class_check action=maybe_recompile pc=0x000001bceaa1e258 method=javax.swing.RepaintManager.collectDirtyComponents(Ljava/util/Map;Ljava/awt/Component;Ljava/util/List;)V @ 7
Event: 16094.947 Thread 0x000001bc81af8000 Uncommon trap: reason=unstable_if action=reinterpret pc=0x000001bceaa13790 method=javax.swing.SwingUtilities.computeIntersection(IIIILjava/awt/Rectangle;)Ljava/awt/Rectangle; @ 34
Event: 16094.947 Thread 0x000001bc81af8000 Uncommon trap: reason=class_check action=maybe_recompile pc=0x000001bceaa1e258 method=javax.swing.RepaintManager.collectDirtyComponents(Ljava/util/Map;Ljava/awt/Component;Ljava/util/List;)V @ 7
Event: 16094.947 Thread 0x000001bc81af8000 Uncommon trap: reason=class_check action=maybe_recompile pc=0x000001bceabe790c method=javax.swing.RepaintManager$4.run()Ljava/lang/Void; @ 27
Event: 16094.955 Thread 0x000001bc81af8000 Uncommon trap: reason=class_check action=maybe_recompile pc=0x000001bceab6b83c method=javax.swing.text.FieldView.adjustAllocation(Ljava/awt/Shape;)Ljava/awt/Shape; @ 13
Event: 16094.955 Thread 0x000001bc81af8000 Uncommon trap: reason=speculate_class_check action=maybe_recompile pc=0x000001bceab3fb04 method=javax.swing.text.PlainView.drawElement(ILjavax/swing/text/Element;Ljava/awt/Graphics;II)I @ 135
Event: 16095.053 Thread 0x000001bc81af8000 Uncommon trap: reason=unstable_if action=reinterpret pc=0x000001bceae5953c method=sun.java2d.pipe.Region.isInsideQuickCheck(Lsun/java2d/pipe/Region;)Z @ 26
Event: 16095.054 Thread 0x000001bc81af8000 Uncommon trap: reason=unstable_if action=reinterpret pc=0x000001bceae2822c method=sun.java2d.pipe.Region.isInsideQuickCheck(Lsun/java2d/pipe/Region;)Z @ 26

Classes redefined (0 events):
No events

Internal exceptions (10 events):
Event: 0.491 Thread 0x000001bc81af8000 Exception <a 'java/lang/NoSuchMethodError': org.slf4j.impl.StaticMDCBinder.getSingleton()Lorg/slf4j/impl/StaticMDCBinder;> (0x00000000d6d1cb70) thrown at [J:\jenkins\tmp\workspace\build\src\hotspot\src\share\vm\interpreter\linkResolver.cpp, line 620]
Event: 0.514 Thread 0x000001bc81af8000 Exception <a 'java/io/FileNotFoundException'> (0x00000000d6e529a8) thrown at [J:\jenkins\tmp\workspace\build\src\hotspot\src\share\vm\prims\jni.cpp, line 711]
Event: 1.000 Thread 0x000001bc81af8000 Implicit null exception at 0x000001bceab4cfd6 to 0x000001bceab4d371
Event: 1.006 Thread 0x000001bc81af8000 Implicit null exception at 0x000001bceabbf65b to 0x000001bceabbf73b
Event: 1.052 Thread 0x000001bc81f3a800 Implicit null exception at 0x000001bceab901dc to 0x000001bceab90295
Event: 12368.088 Thread 0x000001bc8161b800 Exception <a 'sun/net/ConnectionResetException': > (0x00000000d6cddf60) thrown at [J:\jenkins\tmp\workspace\build\src\hotspot\src\share\vm\prims\jni.cpp, line 738]
Event: 12368.090 Thread 0x000001bc8161b800 Exception <a 'sun/net/ConnectionResetException': > (0x00000000d6cde190) thrown at [J:\jenkins\tmp\workspace\build\src\hotspot\src\share\vm\prims\jni.cpp, line 738]
Event: 16091.817 Thread 0x000001bc81af8000 Implicit null exception at 0x000001bceaa6e3b3 to 0x000001bceaa6e501
Event: 16092.066 Thread 0x000001bc81af8000 Implicit null exception at 0x000001bceae81315 to 0x000001bceae85ab9
Event: 16092.128 Thread 0x000001bc81af8000 Implicit null exception at 0x000001bceaec0fdd to 0x000001bceaec4d21

Events (10 events):
Event: 16105.149 Thread 0x000001bc8162c000 flushing nmethod 0x000001bcead87010
Event: 16105.149 Thread 0x000001bc8162c000 flushing nmethod 0x000001bceada5ed0
Event: 16105.149 Thread 0x000001bc8162c000 flushing nmethod 0x000001bceada8d50
Event: 16106.157 Thread 0x000001bc8162c000 flushing nmethod 0x000001bceadcfed0
Event: 16106.157 Thread 0x000001bc8162c000 flushing nmethod 0x000001bceadd1150
Event: 16106.157 Thread 0x000001bc8162c000 flushing nmethod 0x000001bceadd1490
Event: 16106.157 Thread 0x000001bc8162c000 flushing nmethod 0x000001bceadd17d0
Event: 16106.157 Thread 0x000001bc8162c000 flushing nmethod 0x000001bceadd1b10
Event: 16106.158 Thread 0x000001bc8162c000 flushing nmethod 0x000001bceae25110
Event: 16107.672 Thread 0x000001bc8162c000 flushing nmethod 0x000001bceae56950


Dynamic libraries:
0x00007ff77ad80000 - 0x00007ff77adba000 	C:\Program Files\AdoptOpenJDK\jdk-8.0.265.01-hotspot\bin\java.exe
0x00007ffcaab70000 - 0x00007ffcaad68000 	C:\WINDOWS\SYSTEM32\ntdll.dll
0x00007ffca8fc0000 - 0x00007ffca907f000 	C:\WINDOWS\System32\KERNEL32.DLL
0x00007ffca8280000 - 0x00007ffca8576000 	C:\WINDOWS\System32\KERNELBASE.dll
0x00007ffca9b10000 - 0x00007ffca9bbf000 	C:\WINDOWS\System32\ADVAPI32.dll
0x00007ffca9160000 - 0x00007ffca91fe000 	C:\WINDOWS\System32\msvcrt.dll
0x00007ffca9950000 - 0x00007ffca99ec000 	C:\WINDOWS\System32\sechost.dll
0x00007ffca9be0000 - 0x00007ffca9d06000 	C:\WINDOWS\System32\RPCRT4.dll
0x00007ffca9d10000 - 0x00007ffca9ead000 	C:\WINDOWS\System32\USER32.dll
0x00007ffca8750000 - 0x00007ffca8772000 	C:\WINDOWS\System32\win32u.dll
0x00007ffca9f20000 - 0x00007ffca9f4c000 	C:\WINDOWS\System32\GDI32.dll
0x00007ffca8900000 - 0x00007ffca8a15000 	C:\WINDOWS\System32\gdi32full.dll
0x00007ffca8780000 - 0x00007ffca881d000 	C:\WINDOWS\System32\msvcp_win.dll
0x00007ffca8ad0000 - 0x00007ffca8bd0000 	C:\WINDOWS\System32\ucrtbase.dll
0x00007ffc88cc0000 - 0x00007ffc88f5a000 	C:\WINDOWS\WinSxS\amd64_microsoft.windows.common-controls_6595b64144ccf1df_6.0.19041.1110_none_60b5254171f9507e\COMCTL32.dll
0x00007ffca9260000 - 0x00007ffca9290000 	C:\WINDOWS\System32\IMM32.DLL
0x00007ffc628b0000 - 0x00007ffc6299f000 	C:\Program Files\AdoptOpenJDK\jdk-8.0.265.01-hotspot\jre\bin\msvcr120.dll
0x00007ffc62690000 - 0x00007ffc62736000 	C:\Program Files\AdoptOpenJDK\jdk-8.0.265.01-hotspot\jre\bin\msvcp120.dll
0x0000000069870000 - 0x000000006a0d6000 	C:\Program Files\AdoptOpenJDK\jdk-8.0.265.01-hotspot\jre\bin\server\jvm.dll
0x00007ffca8ee0000 - 0x00007ffca8ee8000 	C:\WINDOWS\System32\PSAPI.DLL
0x00007ffc8eed0000 - 0x00007ffc8eef7000 	C:\WINDOWS\SYSTEM32\WINMM.dll
0x00007ffc8dc90000 - 0x00007ffc8dc99000 	C:\WINDOWS\SYSTEM32\WSOCK32.dll
0x00007ffca2680000 - 0x00007ffca268a000 	C:\WINDOWS\SYSTEM32\VERSION.dll
0x00007ffca9eb0000 - 0x00007ffca9f1b000 	C:\WINDOWS\System32\WS2_32.dll
0x00007ffc91d10000 - 0x00007ffc91d1f000 	C:\Program Files\AdoptOpenJDK\jdk-8.0.265.01-hotspot\jre\bin\verify.dll
0x00007ffc8b440000 - 0x00007ffc8b468000 	C:\Program Files\AdoptOpenJDK\jdk-8.0.265.01-hotspot\jre\bin\java.dll
0x00007ffc7ceb0000 - 0x00007ffc7ceda000 	C:\Program Files\AdoptOpenJDK\jdk-8.0.265.01-hotspot\jre\bin\instrument.dll
0x00007ffc8f060000 - 0x00007ffc8f076000 	C:\Program Files\AdoptOpenJDK\jdk-8.0.265.01-hotspot\jre\bin\zip.dll
0x00007ffcaa3e0000 - 0x00007ffcaab24000 	C:\WINDOWS\System32\SHELL32.dll
0x00007ffca62f0000 - 0x00007ffca6a83000 	C:\WINDOWS\SYSTEM32\windows.storage.dll
0x00007ffca9f50000 - 0x00007ffcaa2a4000 	C:\WINDOWS\System32\combase.dll
0x00007ffca7cb0000 - 0x00007ffca7cde000 	C:\WINDOWS\SYSTEM32\Wldp.dll
0x00007ffca8d00000 - 0x00007ffca8dad000 	C:\WINDOWS\System32\SHCORE.dll
0x00007ffcaa2c0000 - 0x00007ffcaa315000 	C:\WINDOWS\System32\shlwapi.dll
0x00007ffca8190000 - 0x00007ffca81af000 	C:\WINDOWS\SYSTEM32\profapi.dll
0x00007ffc8f1b0000 - 0x00007ffc8f1ca000 	D:\IntelliJ IDEA Community Edition 2022.1.4\bin\breakgen64.dll
0x00007ffc83b80000 - 0x00007ffc83b9a000 	C:\Program Files\AdoptOpenJDK\jdk-8.0.265.01-hotspot\jre\bin\net.dll
0x00007ffca7a10000 - 0x00007ffca7a7a000 	C:\WINDOWS\system32\mswsock.dll
0x00007ffc5fe20000 - 0x00007ffc5ffb5000 	C:\Program Files\AdoptOpenJDK\jdk-8.0.265.01-hotspot\jre\bin\awt.dll
0x00007ffca8ef0000 - 0x00007ffca8fbd000 	C:\WINDOWS\System32\OLEAUT32.dll
0x00007ffca56b0000 - 0x00007ffca5741000 	C:\WINDOWS\SYSTEM32\apphelp.dll
0x00007ffca58a0000 - 0x00007ffca593e000 	C:\WINDOWS\system32\uxtheme.dll
0x00007ffca99f0000 - 0x00007ffca9b04000 	C:\WINDOWS\System32\MSCTF.dll
0x00007ffca8db0000 - 0x00007ffca8eda000 	C:\WINDOWS\System32\ole32.dll
0x00007ffca6aa0000 - 0x00007ffca6ab2000 	C:\WINDOWS\SYSTEM32\kernel.appcore.dll
0x00007ffca8870000 - 0x00007ffca88f2000 	C:\WINDOWS\System32\bcryptPrimitives.dll
0x00007ffca5b90000 - 0x00007ffca5bbf000 	C:\WINDOWS\system32\DWMAPI.DLL
0x00007ffc707f0000 - 0x00007ffc70915000 	C:\WINDOWS\system32\opengl32.dll
0x00007ffc709c0000 - 0x00007ffc709ec000 	C:\WINDOWS\SYSTEM32\GLU32.dll
0x00007ffc62b90000 - 0x00007ffc62c23000 	C:\Program Files\AdoptOpenJDK\jdk-8.0.265.01-hotspot\jre\bin\freetype.dll
0x00007ffc60460000 - 0x00007ffc6051d000 	C:\Program Files\AdoptOpenJDK\jdk-8.0.265.01-hotspot\jre\bin\fontmanager.dll
0x00007ffc82f80000 - 0x00007ffc82f92000 	C:\Program Files\AdoptOpenJDK\jdk-8.0.265.01-hotspot\jre\bin\nio.dll
0x00007ffca76f0000 - 0x00007ffca77bb000 	C:\WINDOWS\SYSTEM32\DNSAPI.dll
0x00007ffca76b0000 - 0x00007ffca76ec000 	C:\WINDOWS\SYSTEM32\IPHLPAPI.DLL
0x00007ffcaa2b0000 - 0x00007ffcaa2b8000 	C:\WINDOWS\System32\NSI.dll
0x00007ffc942c0000 - 0x00007ffc942ca000 	C:\Windows\System32\rasadhlp.dll
0x00007ffc94080000 - 0x00007ffc94102000 	C:\WINDOWS\System32\fwpuclnt.dll
0x00007ffca8250000 - 0x00007ffca8277000 	C:\WINDOWS\System32\bcrypt.dll
0x00007ffca8c50000 - 0x00007ffca8cf9000 	C:\WINDOWS\System32\clbcatq.dll
0x00007ffca11a0000 - 0x00007ffca1354000 	C:\WINDOWS\SYSTEM32\WindowsCodecs.dll
0x00007ffc70c40000 - 0x00007ffc70c7e000 	C:\WINDOWS\system32\dataexchange.dll
0x00007ffca3b90000 - 0x00007ffca3df3000 	C:\WINDOWS\system32\d3d11.dll
0x00007ffca4ad0000 - 0x00007ffca4cb3000 	C:\WINDOWS\system32\dcomp.dll
0x00007ffca6b10000 - 0x00007ffca6c03000 	C:\WINDOWS\system32\dxgi.dll
0x00007ffca1900000 - 0x00007ffca1b00000 	C:\WINDOWS\system32\twinapi.appcore.dll
0x00007ffc89b30000 - 0x00007ffc89c2a000 	C:\WINDOWS\SYSTEM32\textinputframework.dll
0x00007ffca5040000 - 0x00007ffca539e000 	C:\WINDOWS\System32\CoreUIComponents.dll
0x00007ffca73e0000 - 0x00007ffca7413000 	C:\WINDOWS\SYSTEM32\ntmarta.dll
0x00007ffca4970000 - 0x00007ffca4ac4000 	C:\WINDOWS\SYSTEM32\wintypes.dll
0x00007ffca53a0000 - 0x00007ffca5492000 	C:\WINDOWS\System32\CoreMessaging.dll
0x00007ffca7c10000 - 0x00007ffca7c28000 	C:\WINDOWS\SYSTEM32\CRYPTSP.dll
0x00007ffca72c0000 - 0x00007ffca72f4000 	C:\WINDOWS\system32\rsaenh.dll
0x00007ffca8150000 - 0x00007ffca817e000 	C:\WINDOWS\SYSTEM32\USERENV.dll
0x00007ffca7c00000 - 0x00007ffca7c0c000 	C:\WINDOWS\SYSTEM32\CRYPTBASE.dll
0x00007ffca0110000 - 0x00007ffca0127000 	C:\WINDOWS\SYSTEM32\dhcpcsvc6.DLL
0x00007ffca00f0000 - 0x00007ffca010d000 	C:\WINDOWS\SYSTEM32\dhcpcsvc.DLL
0x00007ffc857f0000 - 0x00007ffc8589c000 	C:\WINDOWS\SYSTEM32\TextShaping.dll

VM Arguments:
jvm_args: -javaagent:D:\IntelliJ IDEA Community Edition 2022.1.4\lib\idea_rt.jar=8739:D:\IntelliJ IDEA Community Edition 2022.1.4\bin -Dfile.encoding=UTF-8 
java_command: org.systemC.App
java_class_path (initial): C:\Program Files\AdoptOpenJDK\jdk-8.0.265.01-hotspot\jre\lib\charsets.jar;C:\Program Files\AdoptOpenJDK\jdk-8.0.265.01-hotspot\jre\lib\ext\access-bridge-64.jar;C:\Program Files\AdoptOpenJDK\jdk-8.0.265.01-hotspot\jre\lib\ext\cldrdata.jar;C:\Program Files\AdoptOpenJDK\jdk-8.0.265.01-hotspot\jre\lib\ext\dnsns.jar;C:\Program Files\AdoptOpenJDK\jdk-8.0.265.01-hotspot\jre\lib\ext\jaccess.jar;C:\Program Files\AdoptOpenJDK\jdk-8.0.265.01-hotspot\jre\lib\ext\localedata.jar;C:\Program Files\AdoptOpenJDK\jdk-8.0.265.01-hotspot\jre\lib\ext\nashorn.jar;C:\Program Files\AdoptOpenJDK\jdk-8.0.265.01-hotspot\jre\lib\ext\sunec.jar;C:\Program Files\AdoptOpenJDK\jdk-8.0.265.01-hotspot\jre\lib\ext\sunjce_provider.jar;C:\Program Files\AdoptOpenJDK\jdk-8.0.265.01-hotspot\jre\lib\ext\sunmscapi.jar;C:\Program Files\AdoptOpenJDK\jdk-8.0.265.01-hotspot\jre\lib\ext\sunpkcs11.jar;C:\Program Files\AdoptOpenJDK\jdk-8.0.265.01-hotspot\jre\lib\ext\zipfs.jar;C:\Program Files\AdoptOpenJDK\jdk-8.0.265.01-hotspot\jre\lib\jce.jar;C:\Program Files\AdoptOpenJDK\jdk-8.0.265.01-hotspot\jre\lib\jfr.jar;C:\Program Files\AdoptOpenJDK\jdk-8.0.265.01-hotspot\jre\lib\jsse.jar;C:\Program Files\AdoptOpenJDK\jdk-8.0.265.01-hotspot\jre\lib\management-agent.jar;C:\Program Files\AdoptOpenJDK\jdk-8.0.265.01-hotspot\jre\lib\resources.jar;C:\Program Files\AdoptOpenJDK\jdk-8.0.265.01-hotspot\jre\lib\rt.jar;F:\ETL\SystemC\target\classes;C:\Users\hp\.m2\repository\commons-httpclient\commons-httpclient\3.1\commons-httpclient-3.1.jar;C:\Users\hp\.m2\repository\commons-logging\commons-logging\1.0.4\commons-logging-1.0.4.jar;C:\Users\hp\.m2\repository\commons-codec\commons-codec\1.2\commons-codec-1.2.jar;C:\Users\hp\.m2\repository\com\alibaba\fastjson\1.2.32\fastjson-1.2.32.jar;C:\Users\hp\.m2\repository\com\jfoenix\jfoenix\8.0.10\jfoenix-8.0.10.jar;C:\Users\hp\.m2\repository\ch\qos\logback\logback-classic\1.2.1\logback-classic-1.2.1.jar;C:\Users\hp\.m2\repository\ch\qos\logback\logback-core\1.2.1\l
Launcher Type: SUN_STANDARD

Environment Variables:
JAVA_HOME=D:\jdk
CLASSPATH=.;D:\jdk\lib\dt.jar;D:\jdk\lib\tools.jar
USERNAME=hp
OS=Windows_NT
PROCESSOR_IDENTIFIER=Intel64 Family 6 Model 158 Stepping 10, GenuineIntel



---------------  S Y S T E M  ---------------

OS: Windows 10.0 , 64 bit Build 19041 (10.0.19041.2913)

CPU:total 12 (initial active 12) (6 cores per cpu, 2 threads per core) family 6 model 158 stepping 10, cmov, cx8, fxsr, mmx, sse, sse2, sse3, ssse3, sse4.1, sse4.2, popcnt, avx, avx2, aes, clmul, erms, 3dnowpref, lzcnt, ht, tsc, tscinvbit, bmi1, bmi2, adx

Memory: 4k page, physical 8224952k(3043544k free), swap 68178052k(84k free)

vm_info: OpenJDK 64-Bit Server VM (25.265-b01) for windows-amd64 JRE (1.8.0_265-b01), built on Jul 28 2020 15:11:27 by "jenkins" with MS VC++ 12.0 (VS2013)

time: Fri Jun 02 04:13:58 2023
timezone: ?D1¨²¡À¨º¡Á?¨º¡À??
elapsed time: 16377 seconds (0d 4h 32m 57s)

